<component name="libraryTable">
  <library name="junit4_lib">
    <CLASSES>
      <root url="jar://$USER_HOME$/Desktop/2016级 数据结构与算法课程实践/testJar/mockito-all-1.9.5.jar!/" />
      <root url="file://$USER_HOME$/Desktop/2016级 数据结构与算法课程实践/testJar/junit4_lib" />
    </CLASSES>
    <JAVADOC />
    <SOURCES>
      <root url="jar://$USER_HOME$/Desktop/2016级 数据结构与算法课程实践/testJar/mockito-all-1.9.5.jar!/" />
    </SOURCES>
    <jarDirectory url="file://$USER_HOME$/Desktop/2016级 数据结构与算法课程实践/testJar/junit4_lib" recursive="false" />
  </library>
</component>